TN:
SF:src\config\default.js
FNF:0
FNH:0
DA:1,3
DA:4,3
LF:2
LH:2
BRF:0
BRH:0
end_of_record
TN:
SF:src\services\fetch.js
FNF:0
FNH:0
DA:1,3
DA:3,3
LF:2
LH:2
BRF:0
BRH:0
end_of_record
TN:
SF:src\services\get_ip.js
FN:10,(anonymous_0)
FNF:1
FNH:1
FNDA:3,(anonymous_0)
DA:1,2
DA:2,2
DA:10,2
DA:11,3
DA:13,3
DA:14,1
DA:15,1
DA:18,3
DA:21,2
LF:9
LH:9
BRDA:13,0,0,1
BRDA:13,0,1,2
BRF:2
BRH:2
end_of_record
TN:
SF:src\services\location.js
FN:5,(anonymous_0)
FNF:1
FNH:1
FNDA:1,(anonymous_0)
DA:1,1
DA:2,1
DA:3,1
DA:5,1
DA:6,1
DA:7,1
DA:8,1
DA:9,1
DA:12,1
LF:9
LH:9
BRF:0
BRH:0
end_of_record
TN:
SF:src\services\weather.js
FN:4,(anonymous_0)
FNF:1
FNH:1
FNDA:4,(anonymous_0)
DA:1,1
DA:2,1
DA:4,1
DA:6,4
DA:7,0
DA:11,4
DA:12,2
DA:16,4
DA:17,2
DA:21,4
DA:27,0
DA:31,4
DA:34,1
LF:13
LH:11
BRDA:4,0,0,2
BRDA:6,1,0,0
BRDA:6,1,1,4
BRDA:6,2,0,4
BRDA:6,2,1,2
BRDA:6,2,2,0
BRDA:11,3,0,2
BRDA:11,3,1,2
BRDA:16,4,0,2
BRDA:16,4,1,2
BRDA:16,5,0,4
BRDA:16,5,1,2
BRDA:21,6,0,0
BRDA:21,6,1,4
BRDA:22,7,0,4
BRDA:22,7,1,2
BRDA:22,7,2,2
BRDA:22,7,3,0
BRF:18
BRH:14
end_of_record
